# JRE version: OpenJDK Runtime Environment (8.0_202-b03) (build 1.8.0_202-release-1483-b03)
# Java VM: OpenJDK 64-Bit Server VM (25.202-b03 mixed mode windows-amd64 compressed oops)
Heap:
 PSYoungGen      total 135168K, used 87149K [0x00000000d6000000, 0x00000000dfe00000, 0x0000000100000000)
  eden space 130048K, 67% used [0x00000000d6000000,0x00000000db51b608,0x00000000ddf00000)
  from space 5120K, 0% used [0x00000000de000000,0x00000000de000000,0x00000000de500000)
  to   space 15872K, 0% used [0x00000000dee80000,0x00000000dee80000,0x00000000dfe00000)
 ParOldGen       total 120320K, used 22655K [0x0000000082000000, 0x0000000089580000, 0x00000000d6000000)
  object space 120320K, 18% used [0x0000000082000000,0x000000008361fc70,0x0000000089580000)
 Metaspace       used 40158K, capacity 40882K, committed 41344K, reserved 1085440K
  class space    used 4952K, capacity 5140K, committed 5248K, reserved 1048576K
GC Heap History (10 events):
Event: 1.429 GC heap before
{Heap before GC invocations=3 (full 0):
 PSYoungGen      total 70656K, used 21327K [0x00000000d6000000, 0x00000000daa00000, 0x0000000100000000)
  eden space 65536K, 24% used [0x00000000d6000000,0x00000000d6fd46b0,0x00000000da000000)
  from space 5120K, 99% used [0x00000000da500000,0x00000000da9ff5e8,0x00000000daa00000)
  to   space 5120K, 0% used [0x00000000da000000,0x00000000da000000,0x00000000da500000)
 ParOldGen       total 86016K, used 7479K [0x0000000082000000, 0x0000000087400000, 0x00000000d6000000)
  object space 86016K, 8% used [0x0000000082000000,0x000000008274df20,0x0000000087400000)
 Metaspace       used 20752K, capacity 21138K, committed 21296K, reserved 1069056K
  class space    used 2473K, capacity 2629K, committed 2688K, reserved 1048576K
Event: 1.437 GC heap after
Heap after GC invocations=3 (full 0):
 PSYoungGen      total 70656K, used 5092K [0x00000000d6000000, 0x00000000dea00000, 0x0000000100000000)
  eden space 65536K, 0% used [0x00000000d6000000,0x00000000d6000000,0x00000000da000000)
  from space 5120K, 99% used [0x00000000da000000,0x00000000da4f9030,0x00000000da500000)
  to   space 5120K, 0% used [0x00000000de500000,0x00000000de500000,0x00000000dea00000)
 ParOldGen       total 86016K, used 11010K [0x0000000082000000, 0x0000000087400000, 0x00000000d6000000)
  object space 86016K, 12% used [0x0000000082000000,0x0000000082ac0988,0x0000000087400000)
 Metaspace       used 20752K, capacity 21138K, committed 21296K, reserved 1069056K
  class space    used 2473K, capacity 2629K, committed 2688K, reserved 1048576K
}
Event: 1.437 GC heap before
{Heap before GC invocations=4 (full 1):
 PSYoungGen      total 70656K, used 5092K [0x00000000d6000000, 0x00000000dea00000, 0x0000000100000000)
  eden space 65536K, 0% used [0x00000000d6000000,0x00000000d6000000,0x00000000da000000)
  from space 5120K, 99% used [0x00000000da000000,0x00000000da4f9030,0x00000000da500000)
  to   space 5120K, 0% used [0x00000000de500000,0x00000000de500000,0x00000000dea00000)
 ParOldGen       total 86016K, used 11010K [0x0000000082000000, 0x0000000087400000, 0x00000000d6000000)
  object space 86016K, 12% used [0x0000000082000000,0x0000000082ac0988,0x0000000087400000)
 Metaspace       used 20752K, capacity 21138K, committed 21296K, reserved 1069056K
  class space    used 2473K, capacity 2629K, committed 2688K, reserved 1048576K
Event: 1.475 GC heap after
Heap after GC invocations=4 (full 1):
 PSYoungGen      total 70656K, used 0K [0x00000000d6000000, 0x00000000dea00000, 0x0000000100000000)
  eden space 65536K, 0% used [0x00000000d6000000,0x00000000d6000000,0x00000000da000000)
  from space 5120K, 0% used [0x00000000da000000,0x00000000da000000,0x00000000da500000)
  to   space 5120K, 0% used [0x00000000de500000,0x00000000de500000,0x00000000dea00000)
 ParOldGen       total 65536K, used 8480K [0x0000000082000000, 0x0000000086000000, 0x00000000d6000000)
  object space 65536K, 12% used [0x0000000082000000,0x0000000082848098,0x0000000086000000)
 Metaspace       used 20752K, capacity 21138K, committed 21296K, reserved 1069056K
  class space    used 2473K, capacity 2629K, committed 2688K, reserved 1048576K
}
Event: 2.555 GC heap before
{Heap before GC invocations=5 (full 1):
 PSYoungGen      total 70656K, used 65536K [0x00000000d6000000, 0x00000000dea00000, 0x0000000100000000)
  eden space 65536K, 100% used [0x00000000d6000000,0x00000000da000000,0x00000000da000000)
  from space 5120K, 0% used [0x00000000da000000,0x00000000da000000,0x00000000da500000)
  to   space 5120K, 0% used [0x00000000de500000,0x00000000de500000,0x00000000dea00000)
 ParOldGen       total 65536K, used 8480K [0x0000000082000000, 0x0000000086000000, 0x00000000d6000000)
  object space 65536K, 12% used [0x0000000082000000,0x0000000082848098,0x0000000086000000)
 Metaspace       used 29917K, capacity 30428K, committed 30720K, reserved 1075200K
  class space    used 3841K, capacity 3992K, committed 4096K, reserved 1048576K
Event: 2.568 GC heap after
Heap after GC invocations=5 (full 1):
 PSYoungGen      total 97280K, used 5090K [0x00000000d6000000, 0x00000000dea00000, 0x0000000100000000)
  eden space 92160K, 0% used [0x00000000d6000000,0x00000000d6000000,0x00000000dba00000)
  from space 5120K, 99% used [0x00000000de500000,0x00000000de9f8918,0x00000000dea00000)
  to   space 5120K, 0% used [0x00000000de000000,0x00000000de000000,0x00000000de500000)
 ParOldGen       total 65536K, used 19805K [0x0000000082000000, 0x0000000086000000, 0x00000000d6000000)
  object space 65536K, 30% used [0x0000000082000000,0x00000000833574b0,0x0000000086000000)
 Metaspace       used 29917K, capacity 30428K, committed 30720K, reserved 1075200K
  class space    used 3841K, capacity 3992K, committed 4096K, reserved 1048576K
}
Event: 3.066 GC heap before
{Heap before GC invocations=6 (full 1):
 PSYoungGen      total 97280K, used 32957K [0x00000000d6000000, 0x00000000dea00000, 0x0000000100000000)
  eden space 92160K, 30% used [0x00000000d6000000,0x00000000d7b36d10,0x00000000dba00000)
  from space 5120K, 99% used [0x00000000de500000,0x00000000de9f8918,0x00000000dea00000)
  to   space 5120K, 0% used [0x00000000de000000,0x00000000de000000,0x00000000de500000)
 ParOldGen       total 65536K, used 19805K [0x0000000082000000, 0x0000000086000000, 0x00000000d6000000)
  object space 65536K, 30% used [0x0000000082000000,0x00000000833574b0,0x0000000086000000)
 Metaspace       used 34679K, capacity 35198K, committed 35456K, reserved 1079296K
  class space    used 4484K, capacity 4629K, committed 4736K, reserved 1048576K
Event: 3.076 GC heap after
Heap after GC invocations=6 (full 1):
 PSYoungGen      total 135168K, used 5099K [0x00000000d6000000, 0x00000000dfe00000, 0x0000000100000000)
  eden space 130048K, 0% used [0x00000000d6000000,0x00000000d6000000,0x00000000ddf00000)
  from space 5120K, 99% used [0x00000000de000000,0x00000000de4fadd8,0x00000000de500000)
  to   space 15872K, 0% used [0x00000000dee80000,0x00000000dee80000,0x00000000dfe00000)
 ParOldGen       total 65536K, used 26659K [0x0000000082000000, 0x0000000086000000, 0x00000000d6000000)
  object space 65536K, 40% used [0x0000000082000000,0x0000000083a08cb8,0x0000000086000000)
 Metaspace       used 34679K, capacity 35198K, committed 35456K, reserved 1079296K
  class space    used 4484K, capacity 4629K, committed 4736K, reserved 1048576K
}
Event: 3.076 GC heap before
{Heap before GC invocations=7 (full 2):
 PSYoungGen      total 135168K, used 5099K [0x00000000d6000000, 0x00000000dfe00000, 0x0000000100000000)
  eden space 130048K, 0% used [0x00000000d6000000,0x00000000d6000000,0x00000000ddf00000)
  from space 5120K, 99% used [0x00000000de000000,0x00000000de4fadd8,0x00000000de500000)
  to   space 15872K, 0% used [0x00000000dee80000,0x00000000dee80000,0x00000000dfe00000)
 ParOldGen       total 65536K, used 26659K [0x0000000082000000, 0x0000000086000000, 0x00000000d6000000)
  object space 65536K, 40% used [0x0000000082000000,0x0000000083a08cb8,0x0000000086000000)
 Metaspace       used 34679K, capacity 35198K, committed 35456K, reserved 1079296K
  class space    used 4484K, capacity 4629K, committed 4736K, reserved 1048576K
Event: 3.150 GC heap after
Heap after GC invocations=7 (full 2):
 PSYoungGen      total 135168K, used 0K [0x00000000d6000000, 0x00000000dfe00000, 0x0000000100000000)
  eden space 130048K, 0% used [0x00000000d6000000,0x00000000d6000000,0x00000000ddf00000)
  from space 5120K, 0% used [0x00000000de000000,0x00000000de000000,0x00000000de500000)
  to   space 15872K, 0% used [0x00000000dee80000,0x00000000dee80000,0x00000000dfe00000)
 ParOldGen       total 120320K, used 22655K [0x0000000082000000, 0x0000000089580000, 0x00000000d6000000)
  object space 120320K, 18% used [0x0000000082000000,0x000000008361fc70,0x0000000089580000)
 Metaspace       used 34679K, capacity 35198K, committed 35456K, reserved 1079296K
  class space    used 4484K, capacity 4629K, committed 4736K, reserved 1048576K
}

