# JRE version: OpenJDK Runtime Environment (8.0_202-b03) (build 1.8.0_202-release-1483-b03)
# Java VM: OpenJDK 64-Bit Server VM (25.202-b03 mixed mode windows-amd64 compressed oops)
Heap:
 PSYoungGen      total 299520K, used 74075K [0x00000000e0000000, 0x00000000f6a80000, 0x0000000100000000)
  eden space 268288K, 25% used [0x00000000e0000000,0x00000000e4331f40,0x00000000f0600000)
  from space 31232K, 16% used [0x00000000f0600000,0x00000000f0b24e70,0x00000000f2480000)
  to   space 30208K, 0% used [0x00000000f4d00000,0x00000000f4d00000,0x00000000f6a80000)
 ParOldGen       total 208896K, used 95965K [0x00000000a0000000, 0x00000000acc00000, 0x00000000e0000000)
  object space 208896K, 45% used [0x00000000a0000000,0x00000000a5db77e0,0x00000000acc00000)
 Metaspace       used 100329K, capacity 105064K, committed 105152K, reserved 1140736K
  class space    used 13151K, capacity 14077K, committed 14080K, reserved 1048576K
GC Heap History (10 events):
Event: 112.106 GC heap before
{Heap before GC invocations=27 (full 4):
 PSYoungGen      total 211456K, used 178176K [0x00000000e0000000, 0x00000000f0200000, 0x0000000100000000)
  eden space 178176K, 100% used [0x00000000e0000000,0x00000000eae00000,0x00000000eae00000)
  from space 33280K, 0% used [0x00000000ecd80000,0x00000000ecd80000,0x00000000eee00000)
  to   space 32256K, 0% used [0x00000000eae00000,0x00000000eae00000,0x00000000ecd80000)
 ParOldGen       total 208896K, used 78502K [0x00000000a0000000, 0x00000000acc00000, 0x00000000e0000000)
  object space 208896K, 37% used [0x00000000a0000000,0x00000000a4ca9958,0x00000000acc00000)
 Metaspace       used 97633K, capacity 101882K, committed 102080K, reserved 1138688K
  class space    used 12897K, capacity 13742K, committed 13824K, reserved 1048576K
Event: 112.121 GC heap after
Heap after GC invocations=27 (full 4):
 PSYoungGen      total 210432K, used 16677K [0x00000000e0000000, 0x00000000f1a80000, 0x0000000100000000)
  eden space 178176K, 0% used [0x00000000e0000000,0x00000000e0000000,0x00000000eae00000)
  from space 32256K, 51% used [0x00000000eae00000,0x00000000ebe496b0,0x00000000ecd80000)
  to   space 31232K, 0% used [0x00000000efc00000,0x00000000efc00000,0x00000000f1a80000)
 ParOldGen       total 208896K, used 78510K [0x00000000a0000000, 0x00000000acc00000, 0x00000000e0000000)
  object space 208896K, 37% used [0x00000000a0000000,0x00000000a4cab958,0x00000000acc00000)
 Metaspace       used 97633K, capacity 101882K, committed 102080K, reserved 1138688K
  class space    used 12897K, capacity 13742K, committed 13824K, reserved 1048576K
}
Event: 113.344 GC heap before
{Heap before GC invocations=28 (full 4):
 PSYoungGen      total 210432K, used 194853K [0x00000000e0000000, 0x00000000f1a80000, 0x0000000100000000)
  eden space 178176K, 100% used [0x00000000e0000000,0x00000000eae00000,0x00000000eae00000)
  from space 32256K, 51% used [0x00000000eae00000,0x00000000ebe496b0,0x00000000ecd80000)
  to   space 31232K, 0% used [0x00000000efc00000,0x00000000efc00000,0x00000000f1a80000)
 ParOldGen       total 208896K, used 78510K [0x00000000a0000000, 0x00000000acc00000, 0x00000000e0000000)
  object space 208896K, 37% used [0x00000000a0000000,0x00000000a4cab958,0x00000000acc00000)
 Metaspace       used 98565K, capacity 102892K, committed 103232K, reserved 1138688K
  class space    used 12968K, capacity 13855K, committed 13952K, reserved 1048576K
Event: 113.404 GC heap after
Heap after GC invocations=28 (full 4):
 PSYoungGen      total 258560K, used 6443K [0x00000000e0000000, 0x00000000f1a80000, 0x0000000100000000)
  eden space 227328K, 0% used [0x00000000e0000000,0x00000000e0000000,0x00000000ede00000)
  from space 31232K, 20% used [0x00000000efc00000,0x00000000f024ae20,0x00000000f1a80000)
  to   space 30720K, 0% used [0x00000000ede00000,0x00000000ede00000,0x00000000efc00000)
 ParOldGen       total 208896K, used 92736K [0x00000000a0000000, 0x00000000acc00000, 0x00000000e0000000)
  object space 208896K, 44% used [0x00000000a0000000,0x00000000a5a902c0,0x00000000acc00000)
 Metaspace       used 98565K, capacity 102892K, committed 103232K, reserved 1138688K
  class space    used 12968K, capacity 13855K, committed 13952K, reserved 1048576K
}
Event: 114.679 GC heap before
{Heap before GC invocations=29 (full 4):
 PSYoungGen      total 258560K, used 233443K [0x00000000e0000000, 0x00000000f1a80000, 0x0000000100000000)
  eden space 227328K, 99% used [0x00000000e0000000,0x00000000eddadde0,0x00000000ede00000)
  from space 31232K, 20% used [0x00000000efc00000,0x00000000f024ae20,0x00000000f1a80000)
  to   space 30720K, 0% used [0x00000000ede00000,0x00000000ede00000,0x00000000efc00000)
 ParOldGen       total 208896K, used 92736K [0x00000000a0000000, 0x00000000acc00000, 0x00000000e0000000)
  object space 208896K, 44% used [0x00000000a0000000,0x00000000a5a902c0,0x00000000acc00000)
 Metaspace       used 98600K, capacity 102962K, committed 103232K, reserved 1138688K
  class space    used 12970K, capacity 13856K, committed 13952K, reserved 1048576K
Event: 114.691 GC heap after
Heap after GC invocations=29 (full 4):
 PSYoungGen      total 258048K, used 2148K [0x00000000e0000000, 0x00000000f4680000, 0x0000000100000000)
  eden space 227328K, 0% used [0x00000000e0000000,0x00000000e0000000,0x00000000ede00000)
  from space 30720K, 6% used [0x00000000ede00000,0x00000000ee0193e8,0x00000000efc00000)
  to   space 31232K, 0% used [0x00000000f2800000,0x00000000f2800000,0x00000000f4680000)
 ParOldGen       total 208896K, used 95528K [0x00000000a0000000, 0x00000000acc00000, 0x00000000e0000000)
  object space 208896K, 45% used [0x00000000a0000000,0x00000000a5d4a330,0x00000000acc00000)
 Metaspace       used 98600K, capacity 102962K, committed 103232K, reserved 1138688K
  class space    used 12970K, capacity 13856K, committed 13952K, reserved 1048576K
}
Event: 115.770 GC heap before
{Heap before GC invocations=30 (full 4):
 PSYoungGen      total 258048K, used 229476K [0x00000000e0000000, 0x00000000f4680000, 0x0000000100000000)
  eden space 227328K, 100% used [0x00000000e0000000,0x00000000ede00000,0x00000000ede00000)
  from space 30720K, 6% used [0x00000000ede00000,0x00000000ee0193e8,0x00000000efc00000)
  to   space 31232K, 0% used [0x00000000f2800000,0x00000000f2800000,0x00000000f4680000)
 ParOldGen       total 208896K, used 95528K [0x00000000a0000000, 0x00000000acc00000, 0x00000000e0000000)
  object space 208896K, 45% used [0x00000000a0000000,0x00000000a5d4a330,0x00000000acc00000)
 Metaspace       used 99055K, capacity 103390K, committed 103488K, reserved 1138688K
  class space    used 13019K, capacity 13890K, committed 13952K, reserved 1048576K
Event: 115.776 GC heap after
Heap after GC invocations=30 (full 4):
 PSYoungGen      total 295936K, used 2357K [0x00000000e0000000, 0x00000000f4300000, 0x0000000100000000)
  eden space 268288K, 0% used [0x00000000e0000000,0x00000000e0000000,0x00000000f0600000)
  from space 27648K, 8% used [0x00000000f2800000,0x00000000f2a4d4c8,0x00000000f4300000)
  to   space 31232K, 0% used [0x00000000f0600000,0x00000000f0600000,0x00000000f2480000)
 ParOldGen       total 208896K, used 95624K [0x00000000a0000000, 0x00000000acc00000, 0x00000000e0000000)
  object space 208896K, 45% used [0x00000000a0000000,0x00000000a5d62330,0x00000000acc00000)
 Metaspace       used 99055K, capacity 103390K, committed 103488K, reserved 1138688K
  class space    used 13019K, capacity 13890K, committed 13952K, reserved 1048576K
}
Event: 121.960 GC heap before
{Heap before GC invocations=31 (full 4):
 PSYoungGen      total 295936K, used 270645K [0x00000000e0000000, 0x00000000f4300000, 0x0000000100000000)
  eden space 268288K, 100% used [0x00000000e0000000,0x00000000f0600000,0x00000000f0600000)
  from space 27648K, 8% used [0x00000000f2800000,0x00000000f2a4d4c8,0x00000000f4300000)
  to   space 31232K, 0% used [0x00000000f0600000,0x00000000f0600000,0x00000000f2480000)
 ParOldGen       total 208896K, used 95624K [0x00000000a0000000, 0x00000000acc00000, 0x00000000e0000000)
  object space 208896K, 45% used [0x00000000a0000000,0x00000000a5d62330,0x00000000acc00000)
 Metaspace       used 99583K, capacity 103928K, committed 104000K, reserved 1138688K
  class space    used 13049K, capacity 13931K, committed 13952K, reserved 1048576K
Event: 121.969 GC heap after
Heap after GC invocations=31 (full 4):
 PSYoungGen      total 299520K, used 5267K [0x00000000e0000000, 0x00000000f6a80000, 0x0000000100000000)
  eden space 268288K, 0% used [0x00000000e0000000,0x00000000e0000000,0x00000000f0600000)
  from space 31232K, 16% used [0x00000000f0600000,0x00000000f0b24e70,0x00000000f2480000)
  to   space 30208K, 0% used [0x00000000f4d00000,0x00000000f4d00000,0x00000000f6a80000)
 ParOldGen       total 208896K, used 95965K [0x00000000a0000000, 0x00000000acc00000, 0x00000000e0000000)
  object space 208896K, 45% used [0x00000000a0000000,0x00000000a5db77e0,0x00000000acc00000)
 Metaspace       used 99583K, capacity 103928K, committed 104000K, reserved 1138688K
  class space    used 13049K, capacity 13931K, committed 13952K, reserved 1048576K
}

